[debug] [2025-07-23T17:40:13.646Z] ----------------------------------------------------------------------
[debug] [2025-07-23T17:40:13.648Z] Command:       /Users/mac/.nvm/versions/node/v20.19.4/bin/node /opt/homebrew/bin/firebase deploy --only functions
[debug] [2025-07-23T17:40:13.648Z] CLI Version:   14.9.0
[debug] [2025-07-23T17:40:13.648Z] Platform:      darwin
[debug] [2025-07-23T17:40:13.649Z] Node Version:  v20.19.4
[debug] [2025-07-23T17:40:13.649Z] Time:          Wed Jul 23 2025 17:40:13 GMT+0000 (Greenwich Mean Time)
[debug] [2025-07-23T17:40:13.649Z] ----------------------------------------------------------------------
[debug] 
[debug] [2025-07-23T17:40:13.898Z] > command requires scopes: ["email","openid","https://www.googleapis.com/auth/cloudplatformprojects.readonly","https://www.googleapis.com/auth/firebase","https://www.googleapis.com/auth/cloud-platform"]
[debug] [2025-07-23T17:40:13.899Z] > authorizing via signed-in user (rapidworks2025@gmail.com)
[debug] [2025-07-23T17:40:13.899Z] [iam] checking project landingpage-606e9 for permissions ["cloudfunctions.functions.create","cloudfunctions.functions.delete","cloudfunctions.functions.get","cloudfunctions.functions.list","cloudfunctions.functions.update","cloudfunctions.operations.get","firebase.projects.get"]
[debug] [2025-07-23T17:40:13.901Z] Checked if tokens are valid: true, expires at: 1753295187474
[debug] [2025-07-23T17:40:13.902Z] Checked if tokens are valid: true, expires at: 1753295187474
[debug] [2025-07-23T17:40:13.903Z] >>> [apiv2][query] POST https://cloudresourcemanager.googleapis.com/v1/projects/landingpage-606e9:testIamPermissions [none]
[debug] [2025-07-23T17:40:13.903Z] >>> [apiv2][(partial)header] POST https://cloudresourcemanager.googleapis.com/v1/projects/landingpage-606e9:testIamPermissions x-goog-quota-user=projects/landingpage-606e9
[debug] [2025-07-23T17:40:13.903Z] >>> [apiv2][body] POST https://cloudresourcemanager.googleapis.com/v1/projects/landingpage-606e9:testIamPermissions {"permissions":["cloudfunctions.functions.create","cloudfunctions.functions.delete","cloudfunctions.functions.get","cloudfunctions.functions.list","cloudfunctions.functions.update","cloudfunctions.operations.get","firebase.projects.get"]}
[debug] [2025-07-23T17:40:15.064Z] <<< [apiv2][status] POST https://cloudresourcemanager.googleapis.com/v1/projects/landingpage-606e9:testIamPermissions 200
[debug] [2025-07-23T17:40:15.064Z] <<< [apiv2][body] POST https://cloudresourcemanager.googleapis.com/v1/projects/landingpage-606e9:testIamPermissions {"permissions":["cloudfunctions.functions.create","cloudfunctions.functions.delete","cloudfunctions.functions.get","cloudfunctions.functions.list","cloudfunctions.functions.update","cloudfunctions.operations.get","firebase.projects.get"]}
[debug] [2025-07-23T17:40:15.065Z] Checked if tokens are valid: true, expires at: 1753295187474
[debug] [2025-07-23T17:40:15.065Z] Checked if tokens are valid: true, expires at: 1753295187474
[debug] [2025-07-23T17:40:15.065Z] >>> [apiv2][query] POST https://iam.googleapis.com/v1/projects/landingpage-606e9/serviceAccounts/landingpage-606e9@appspot.gserviceaccount.com:testIamPermissions [none]
[debug] [2025-07-23T17:40:15.065Z] >>> [apiv2][body] POST https://iam.googleapis.com/v1/projects/landingpage-606e9/serviceAccounts/landingpage-606e9@appspot.gserviceaccount.com:testIamPermissions {"permissions":["iam.serviceAccounts.actAs"]}
[debug] [2025-07-23T17:40:16.160Z] <<< [apiv2][status] POST https://iam.googleapis.com/v1/projects/landingpage-606e9/serviceAccounts/landingpage-606e9@appspot.gserviceaccount.com:testIamPermissions 200
[debug] [2025-07-23T17:40:16.160Z] <<< [apiv2][body] POST https://iam.googleapis.com/v1/projects/landingpage-606e9/serviceAccounts/landingpage-606e9@appspot.gserviceaccount.com:testIamPermissions {"permissions":["iam.serviceAccounts.actAs"]}
[info] 
[info] === Deploying to 'landingpage-606e9'...
[info] 
[info] i  deploying functions 
[info] Running command: npm --prefix "$RESOURCE_DIR" run lint
[info] ✔  functions: Finished running predeploy script. 
[debug] [2025-07-23T17:40:21.328Z] Checked if tokens are valid: true, expires at: 1753295187474
[debug] [2025-07-23T17:40:21.328Z] Checked if tokens are valid: true, expires at: 1753295187474
[debug] [2025-07-23T17:40:21.328Z] >>> [apiv2][query] GET https://cloudresourcemanager.googleapis.com/v1/projects/landingpage-606e9 [none]
[debug] [2025-07-23T17:40:22.569Z] <<< [apiv2][status] GET https://cloudresourcemanager.googleapis.com/v1/projects/landingpage-606e9 200
[debug] [2025-07-23T17:40:22.569Z] <<< [apiv2][body] GET https://cloudresourcemanager.googleapis.com/v1/projects/landingpage-606e9 {"projectNumber":"449487247565","projectId":"landingpage-606e9","lifecycleState":"ACTIVE","name":"landingpage","labels":{"firebase":"enabled","firebase-core":"disabled"},"createTime":"2025-07-04T07:19:20.376434Z"}
[info] i  functions: preparing codebase default for deployment 
[info] i  functions: ensuring required API cloudfunctions.googleapis.com is enabled... 
[info] i  functions: ensuring required API cloudbuild.googleapis.com is enabled... 
[info] i  artifactregistry: ensuring required API artifactregistry.googleapis.com is enabled... 
[debug] [2025-07-23T17:40:22.572Z] Checked if tokens are valid: true, expires at: 1753295187474
[debug] [2025-07-23T17:40:22.572Z] Checked if tokens are valid: true, expires at: 1753295187474
[debug] [2025-07-23T17:40:22.572Z] >>> [apiv2][query] GET https://firebase.googleapis.com/v1beta1/projects/landingpage-606e9/adminSdkConfig [none]
[debug] [2025-07-23T17:40:23.371Z] <<< [apiv2][status] GET https://firebase.googleapis.com/v1beta1/projects/landingpage-606e9/adminSdkConfig 200
[debug] [2025-07-23T17:40:23.371Z] <<< [apiv2][body] GET https://firebase.googleapis.com/v1beta1/projects/landingpage-606e9/adminSdkConfig {"projectId":"landingpage-606e9","storageBucket":"landingpage-606e9.firebasestorage.app"}
[debug] [2025-07-23T17:40:23.371Z] Checked if tokens are valid: true, expires at: 1753295187474
[debug] [2025-07-23T17:40:23.371Z] Checked if tokens are valid: true, expires at: 1753295187474
[debug] [2025-07-23T17:40:23.371Z] >>> [apiv2][query] GET https://runtimeconfig.googleapis.com/v1beta1/projects/landingpage-606e9/configs [none]
[debug] [2025-07-23T17:40:24.092Z] <<< [apiv2][status] GET https://runtimeconfig.googleapis.com/v1beta1/projects/landingpage-606e9/configs 200
[debug] [2025-07-23T17:40:24.092Z] <<< [apiv2][body] GET https://runtimeconfig.googleapis.com/v1beta1/projects/landingpage-606e9/configs {"configs":[{"name":"projects/landingpage-606e9/configs/newsletter_airtable"},{"name":"projects/landingpage-606e9/configs/airtable"},{"name":"projects/landingpage-606e9/configs/form_airtable"}]}
[debug] [2025-07-23T17:40:24.094Z] Checked if tokens are valid: true, expires at: 1753295187474
[debug] [2025-07-23T17:40:24.094Z] Checked if tokens are valid: true, expires at: 1753295187474
[debug] [2025-07-23T17:40:24.094Z] Checked if tokens are valid: true, expires at: 1753295187474
[debug] [2025-07-23T17:40:24.094Z] Checked if tokens are valid: true, expires at: 1753295187474
[debug] [2025-07-23T17:40:24.094Z] Checked if tokens are valid: true, expires at: 1753295187474
[debug] [2025-07-23T17:40:24.094Z] Checked if tokens are valid: true, expires at: 1753295187474
[debug] [2025-07-23T17:40:24.094Z] >>> [apiv2][query] GET https://runtimeconfig.googleapis.com/v1beta1/projects/landingpage-606e9/configs/newsletter_airtable/variables [none]
[debug] [2025-07-23T17:40:24.096Z] >>> [apiv2][query] GET https://runtimeconfig.googleapis.com/v1beta1/projects/landingpage-606e9/configs/airtable/variables [none]
[debug] [2025-07-23T17:40:24.109Z] >>> [apiv2][query] GET https://runtimeconfig.googleapis.com/v1beta1/projects/landingpage-606e9/configs/form_airtable/variables [none]
[debug] [2025-07-23T17:40:24.515Z] <<< [apiv2][status] GET https://runtimeconfig.googleapis.com/v1beta1/projects/landingpage-606e9/configs/newsletter_airtable/variables 200
[debug] [2025-07-23T17:40:24.516Z] <<< [apiv2][body] GET https://runtimeconfig.googleapis.com/v1beta1/projects/landingpage-606e9/configs/newsletter_airtable/variables {"variables":[{"name":"projects/landingpage-606e9/configs/newsletter_airtable/variables/api_key","updateTime":"2025-07-15T16:53:24.365864941Z"},{"name":"projects/landingpage-606e9/configs/newsletter_airtable/variables/base_id","updateTime":"2025-07-15T16:53:25.082826299Z"}]}
[debug] [2025-07-23T17:40:24.516Z] Checked if tokens are valid: true, expires at: 1753295187474
[debug] [2025-07-23T17:40:24.516Z] Checked if tokens are valid: true, expires at: 1753295187474
[debug] [2025-07-23T17:40:24.516Z] Checked if tokens are valid: true, expires at: 1753295187474
[debug] [2025-07-23T17:40:24.516Z] Checked if tokens are valid: true, expires at: 1753295187474
[debug] [2025-07-23T17:40:24.516Z] >>> [apiv2][query] GET https://runtimeconfig.googleapis.com/v1beta1/projects/landingpage-606e9/configs/newsletter_airtable/variables/api_key [none]
[debug] [2025-07-23T17:40:24.518Z] >>> [apiv2][query] GET https://runtimeconfig.googleapis.com/v1beta1/projects/landingpage-606e9/configs/newsletter_airtable/variables/base_id [none]
[debug] [2025-07-23T17:40:24.882Z] <<< [apiv2][status] GET https://runtimeconfig.googleapis.com/v1beta1/projects/landingpage-606e9/configs/newsletter_airtable/variables/api_key 200
[debug] [2025-07-23T17:40:24.882Z] <<< [apiv2][body] GET https://runtimeconfig.googleapis.com/v1beta1/projects/landingpage-606e9/configs/newsletter_airtable/variables/api_key {"name":"projects/landingpage-606e9/configs/newsletter_airtable/variables/api_key","updateTime":"2025-07-15T16:53:24.365864941Z","text":"pat4tdlgpeqbxb7JD.f4cc0126929eac2c6726d12d43368f49b4f600b8401e331c2cfd772bb2121bf0"}
[debug] [2025-07-23T17:40:24.913Z] <<< [apiv2][status] GET https://runtimeconfig.googleapis.com/v1beta1/projects/landingpage-606e9/configs/form_airtable/variables 200
[debug] [2025-07-23T17:40:24.913Z] <<< [apiv2][body] GET https://runtimeconfig.googleapis.com/v1beta1/projects/landingpage-606e9/configs/form_airtable/variables {"variables":[{"name":"projects/landingpage-606e9/configs/form_airtable/variables/base_id","updateTime":"2025-07-15T16:53:25.055578259Z"},{"name":"projects/landingpage-606e9/configs/form_airtable/variables/api_key","updateTime":"2025-07-15T16:53:24.968222811Z"}]}
[debug] [2025-07-23T17:40:24.914Z] Checked if tokens are valid: true, expires at: 1753295187474
[debug] [2025-07-23T17:40:24.914Z] Checked if tokens are valid: true, expires at: 1753295187474
[debug] [2025-07-23T17:40:24.914Z] Checked if tokens are valid: true, expires at: 1753295187474
[debug] [2025-07-23T17:40:24.914Z] Checked if tokens are valid: true, expires at: 1753295187474
[debug] [2025-07-23T17:40:24.914Z] >>> [apiv2][query] GET https://runtimeconfig.googleapis.com/v1beta1/projects/landingpage-606e9/configs/form_airtable/variables/base_id [none]
[debug] [2025-07-23T17:40:24.915Z] >>> [apiv2][query] GET https://runtimeconfig.googleapis.com/v1beta1/projects/landingpage-606e9/configs/form_airtable/variables/api_key [none]
[debug] [2025-07-23T17:40:25.020Z] <<< [apiv2][status] GET https://runtimeconfig.googleapis.com/v1beta1/projects/landingpage-606e9/configs/airtable/variables 200
[debug] [2025-07-23T17:40:25.020Z] <<< [apiv2][body] GET https://runtimeconfig.googleapis.com/v1beta1/projects/landingpage-606e9/configs/airtable/variables {"variables":[{"name":"projects/landingpage-606e9/configs/airtable/variables/api_key","updateTime":"2025-07-15T16:53:22.821362211Z"},{"name":"projects/landingpage-606e9/configs/airtable/variables/base_id","updateTime":"2025-07-15T16:53:23.288817647Z"}]}
[debug] [2025-07-23T17:40:25.021Z] Checked if tokens are valid: true, expires at: 1753295187474
[debug] [2025-07-23T17:40:25.021Z] Checked if tokens are valid: true, expires at: 1753295187474
[debug] [2025-07-23T17:40:25.021Z] Checked if tokens are valid: true, expires at: 1753295187474
[debug] [2025-07-23T17:40:25.021Z] Checked if tokens are valid: true, expires at: 1753295187474
[debug] [2025-07-23T17:40:25.021Z] >>> [apiv2][query] GET https://runtimeconfig.googleapis.com/v1beta1/projects/landingpage-606e9/configs/airtable/variables/api_key [none]
[debug] [2025-07-23T17:40:25.022Z] >>> [apiv2][query] GET https://runtimeconfig.googleapis.com/v1beta1/projects/landingpage-606e9/configs/airtable/variables/base_id [none]
[debug] [2025-07-23T17:40:25.193Z] <<< [apiv2][status] GET https://runtimeconfig.googleapis.com/v1beta1/projects/landingpage-606e9/configs/newsletter_airtable/variables/base_id 200
[debug] [2025-07-23T17:40:25.194Z] <<< [apiv2][body] GET https://runtimeconfig.googleapis.com/v1beta1/projects/landingpage-606e9/configs/newsletter_airtable/variables/base_id {"name":"projects/landingpage-606e9/configs/newsletter_airtable/variables/base_id","updateTime":"2025-07-15T16:53:25.082826299Z","text":"appujG83wn2tptPbB"}
[debug] [2025-07-23T17:40:25.256Z] <<< [apiv2][status] GET https://runtimeconfig.googleapis.com/v1beta1/projects/landingpage-606e9/configs/form_airtable/variables/base_id 200
[debug] [2025-07-23T17:40:25.256Z] <<< [apiv2][body] GET https://runtimeconfig.googleapis.com/v1beta1/projects/landingpage-606e9/configs/form_airtable/variables/base_id {"name":"projects/landingpage-606e9/configs/form_airtable/variables/base_id","updateTime":"2025-07-15T16:53:25.055578259Z","text":"appXypHaZZQdeY0cW"}
[debug] [2025-07-23T17:40:25.261Z] <<< [apiv2][status] GET https://runtimeconfig.googleapis.com/v1beta1/projects/landingpage-606e9/configs/form_airtable/variables/api_key 200
[debug] [2025-07-23T17:40:25.261Z] <<< [apiv2][body] GET https://runtimeconfig.googleapis.com/v1beta1/projects/landingpage-606e9/configs/form_airtable/variables/api_key {"name":"projects/landingpage-606e9/configs/form_airtable/variables/api_key","updateTime":"2025-07-15T16:53:24.968222811Z","text":"patlbJ9TSLaQeNtLg.ff46b2ae778c43248f34515c8ed9d131622886e9454bc33220f13bbfff2ef9c4"}
[debug] [2025-07-23T17:40:25.654Z] <<< [apiv2][status] GET https://runtimeconfig.googleapis.com/v1beta1/projects/landingpage-606e9/configs/airtable/variables/base_id 200
[debug] [2025-07-23T17:40:25.654Z] <<< [apiv2][body] GET https://runtimeconfig.googleapis.com/v1beta1/projects/landingpage-606e9/configs/airtable/variables/base_id {"name":"projects/landingpage-606e9/configs/airtable/variables/base_id","updateTime":"2025-07-15T16:53:23.288817647Z","text":"appYmDZQRkTIJBLH4"}
[debug] [2025-07-23T17:40:25.921Z] <<< [apiv2][status] GET https://runtimeconfig.googleapis.com/v1beta1/projects/landingpage-606e9/configs/airtable/variables/api_key 200
[debug] [2025-07-23T17:40:25.921Z] <<< [apiv2][body] GET https://runtimeconfig.googleapis.com/v1beta1/projects/landingpage-606e9/configs/airtable/variables/api_key {"name":"projects/landingpage-606e9/configs/airtable/variables/api_key","updateTime":"2025-07-15T16:53:22.821362211Z","text":"patFi7iCFm2Fc7OXN.36928e4222203757b416e2fdc138dba67618d469df4e06657bfdf5461567dbbd"}
[debug] [2025-07-23T17:40:25.922Z] Validating nodejs source
[warn] ⚠  functions: package.json indicates an outdated version of firebase-functions. Please upgrade using npm install --save firebase-functions@latest in your functions directory. 
[debug] [2025-07-23T17:40:26.553Z] > [functions] package.json contents: {
  "name": "functions",
  "description": "Cloud Functions for Firebase",
  "scripts": {
    "lint": "eslint .",
    "serve": "firebase emulators:start --only functions",
    "shell": "firebase functions:shell",
    "start": "npm run shell",
    "deploy": "firebase deploy --only functions",
    "logs": "firebase functions:log"
  },
  "engines": {
    "node": "22"
  },
  "main": "index.js",
  "dependencies": {
    "@google/generative-ai": "^0.24.1",
    "firebase-admin": "^12.7.0",
    "firebase-functions": "^6.0.1",
    "node-fetch": "^3.3.2"
  },
  "devDependencies": {
    "eslint": "^8.15.0",
    "eslint-config-google": "^0.14.0",
    "firebase-functions-test": "^3.1.0"
  },
  "private": true
}
[debug] [2025-07-23T17:40:26.553Z] Building nodejs source
[info] i  functions: Loading and analyzing source code for codebase default to determine what to deploy 
[debug] [2025-07-23T17:40:26.554Z] Could not find functions.yaml. Must use http discovery
[debug] [2025-07-23T17:40:26.559Z] Found firebase-functions binary at '/Users/mac/Downloads/Work/Beta/landingpage/functions/node_modules/.bin/firebase-functions'
[info] Serving at port 8440

[debug] [2025-07-23T17:40:26.779Z] Got response from /__/functions.yaml {"endpoints":{"submitServiceRequest":{"availableMemoryMb":null,"timeoutSeconds":null,"minInstances":null,"maxInstances":null,"ingressSettings":null,"concurrency":null,"serviceAccountEmail":null,"vpc":null,"platform":"gcfv2","labels":{},"callableTrigger":{},"entryPoint":"submitServiceRequest"},"submitWebinarRegistration":{"availableMemoryMb":null,"timeoutSeconds":null,"minInstances":null,"maxInstances":null,"ingressSettings":null,"concurrency":null,"serviceAccountEmail":null,"vpc":null,"platform":"gcfv2","labels":{},"callableTrigger":{},"entryPoint":"submitWebinarRegistration"},"submitPartnerInterest":{"availableMemoryMb":null,"timeoutSeconds":null,"minInstances":null,"maxInstances":null,"ingressSettings":null,"concurrency":null,"serviceAccountEmail":null,"vpc":null,"platform":"gcfv2","labels":{},"callableTrigger":{},"entryPoint":"submitPartnerInterest"},"submitExpertRequest":{"availableMemoryMb":null,"timeoutSeconds":null,"minInstances":null,"maxInstances":null,"ingressSettings":null,"concurrency":null,"serviceAccountEmail":null,"vpc":null,"platform":"gcfv2","labels":{},"callableTrigger":{},"entryPoint":"submitExpertRequest"},"submitNewsletterSubscription":{"availableMemoryMb":null,"timeoutSeconds":null,"minInstances":null,"maxInstances":null,"ingressSettings":null,"concurrency":null,"serviceAccountEmail":null,"vpc":null,"platform":"gcfv2","labels":{},"callableTrigger":{},"entryPoint":"submitNewsletterSubscription"},"submitAIPrompt":{"availableMemoryMb":null,"timeoutSeconds":null,"minInstances":null,"maxInstances":null,"ingressSettings":null,"concurrency":null,"serviceAccountEmail":null,"vpc":null,"platform":"gcfv2","labels":{},"callableTrigger":{},"entryPoint":"submitAIPrompt"},"testBrandingKitReady":{"availableMemoryMb":null,"timeoutSeconds":null,"minInstances":null,"maxInstances":null,"ingressSettings":null,"concurrency":null,"serviceAccountEmail":null,"vpc":null,"platform":"gcfv2","labels":{},"callableTrigger":{},"entryPoint":"testBrandingKitReady"},"onServiceRequestCreated":{"availableMemoryMb":null,"timeoutSeconds":null,"minInstances":null,"maxInstances":null,"ingressSettings":null,"concurrency":null,"serviceAccountEmail":null,"vpc":null,"platform":"gcfv2","labels":{},"eventTrigger":{"eventType":"google.cloud.firestore.document.v1.created","eventFilters":{"database":"(default)","namespace":"(default)"},"eventFilterPathPatterns":{"document":"serviceRequests/{requestId}"},"retry":false},"entryPoint":"onServiceRequestCreated"},"onWebinarRegistrationCreated":{"availableMemoryMb":null,"timeoutSeconds":null,"minInstances":null,"maxInstances":null,"ingressSettings":null,"concurrency":null,"serviceAccountEmail":null,"vpc":null,"platform":"gcfv2","labels":{},"eventTrigger":{"eventType":"google.cloud.firestore.document.v1.created","eventFilters":{"database":"(default)","namespace":"(default)"},"eventFilterPathPatterns":{"document":"webinarRegistrations/{registrationId}"},"retry":false},"entryPoint":"onWebinarRegistrationCreated"},"onPartnerInterestCreated":{"availableMemoryMb":null,"timeoutSeconds":null,"minInstances":null,"maxInstances":null,"ingressSettings":null,"concurrency":null,"serviceAccountEmail":null,"vpc":null,"platform":"gcfv2","labels":{},"eventTrigger":{"eventType":"google.cloud.firestore.document.v1.created","eventFilters":{"database":"(default)","namespace":"(default)"},"eventFilterPathPatterns":{"document":"partnerInterests/{interestId}"},"retry":false},"entryPoint":"onPartnerInterestCreated"},"onExpertRequestCreated":{"availableMemoryMb":null,"timeoutSeconds":null,"minInstances":null,"maxInstances":null,"ingressSettings":null,"concurrency":null,"serviceAccountEmail":null,"vpc":null,"platform":"gcfv2","labels":{},"eventTrigger":{"eventType":"google.cloud.firestore.document.v1.created","eventFilters":{"database":"(default)","namespace":"(default)"},"eventFilterPathPatterns":{"document":"expertRequests/{requestId}"},"retry":false},"entryPoint":"onExpertRequestCreated"},"onAIPromptCreated":{"availableMemoryMb":null,"timeoutSeconds":null,"minInstances":null,"maxInstances":null,"ingressSettings":null,"concurrency":null,"serviceAccountEmail":null,"vpc":null,"platform":"gcfv2","labels":{},"eventTrigger":{"eventType":"google.cloud.firestore.document.v1.created","eventFilters":{"database":"(default)","namespace":"(default)"},"eventFilterPathPatterns":{"document":"aiPrompts/{promptId}"},"retry":false},"entryPoint":"onAIPromptCreated"},"sendNewBlogNotification":{"availableMemoryMb":null,"timeoutSeconds":null,"minInstances":null,"maxInstances":null,"ingressSettings":null,"concurrency":null,"serviceAccountEmail":null,"vpc":null,"platform":"gcfv2","labels":{},"eventTrigger":{"eventType":"google.cloud.firestore.document.v1.created","eventFilters":{"database":"(default)","namespace":"(default)"},"eventFilterPathPatterns":{"document":"blogs/{blogId}"},"retry":false},"entryPoint":"sendNewBlogNotification"},"chatWithAI":{"availableMemoryMb":null,"timeoutSeconds":null,"minInstances":null,"maxInstances":null,"ingressSettings":null,"concurrency":null,"serviceAccountEmail":null,"vpc":null,"platform":"gcfv2","labels":{},"callableTrigger":{},"entryPoint":"chatWithAI"},"onBrandingKitUpdated":{"availableMemoryMb":null,"timeoutSeconds":null,"minInstances":null,"maxInstances":null,"ingressSettings":null,"concurrency":null,"serviceAccountEmail":null,"vpc":null,"platform":"gcfv2","labels":{},"eventTrigger":{"eventType":"google.cloud.firestore.document.v1.updated","eventFilters":{"database":"(default)","namespace":"(default)"},"eventFilterPathPatterns":{"document":"brandkits/{kitId}"},"retry":false},"entryPoint":"onBrandingKitUpdated"}},"specVersion":"v1alpha1","requiredAPIs":[],"extensions":{}}
[info] i  extensions: ensuring required API firebaseextensions.googleapis.com is enabled... 
[debug] [2025-07-23T17:40:30.821Z] > command requires scopes: ["email","openid","https://www.googleapis.com/auth/cloudplatformprojects.readonly","https://www.googleapis.com/auth/firebase","https://www.googleapis.com/auth/cloud-platform"]
[debug] [2025-07-23T17:40:30.821Z] > authorizing via signed-in user (rapidworks2025@gmail.com)
[debug] [2025-07-23T17:40:30.821Z] [iam] checking project landingpage-606e9 for permissions ["firebase.projects.get","firebaseextensions.instances.list"]
[debug] [2025-07-23T17:40:30.821Z] Checked if tokens are valid: true, expires at: 1753295187474
[debug] [2025-07-23T17:40:30.821Z] Checked if tokens are valid: true, expires at: 1753295187474
[debug] [2025-07-23T17:40:30.822Z] >>> [apiv2][query] POST https://cloudresourcemanager.googleapis.com/v1/projects/landingpage-606e9:testIamPermissions [none]
[debug] [2025-07-23T17:40:30.822Z] >>> [apiv2][(partial)header] POST https://cloudresourcemanager.googleapis.com/v1/projects/landingpage-606e9:testIamPermissions x-goog-quota-user=projects/landingpage-606e9
[debug] [2025-07-23T17:40:30.822Z] >>> [apiv2][body] POST https://cloudresourcemanager.googleapis.com/v1/projects/landingpage-606e9:testIamPermissions {"permissions":["firebase.projects.get","firebaseextensions.instances.list"]}
[debug] [2025-07-23T17:40:31.864Z] <<< [apiv2][status] POST https://cloudresourcemanager.googleapis.com/v1/projects/landingpage-606e9:testIamPermissions 200
[debug] [2025-07-23T17:40:31.865Z] <<< [apiv2][body] POST https://cloudresourcemanager.googleapis.com/v1/projects/landingpage-606e9:testIamPermissions {"permissions":["firebase.projects.get","firebaseextensions.instances.list"]}
[debug] [2025-07-23T17:40:31.865Z] Checked if tokens are valid: true, expires at: 1753295187474
[debug] [2025-07-23T17:40:31.865Z] Checked if tokens are valid: true, expires at: 1753295187474
[debug] [2025-07-23T17:40:31.866Z] >>> [apiv2][query] GET https://firebaseextensions.googleapis.com/v1beta/projects/landingpage-606e9/instances pageSize=100&pageToken=
[debug] [2025-07-23T17:40:33.323Z] <<< [apiv2][status] GET https://firebaseextensions.googleapis.com/v1beta/projects/landingpage-606e9/instances 200
[debug] [2025-07-23T17:40:33.324Z] <<< [apiv2][body] GET https://firebaseextensions.googleapis.com/v1beta/projects/landingpage-606e9/instances {}
[info] i  functions: Loaded environment variables from .env. 
[info] i  functions: preparing functions directory for uploading... 
[info] i  functions: packaged /Users/mac/Downloads/Work/Beta/landingpage/functions (85.38 KB) for uploading 
[debug] [2025-07-23T17:40:33.362Z] Checked if tokens are valid: true, expires at: 1753295187474
[debug] [2025-07-23T17:40:33.362Z] Checked if tokens are valid: true, expires at: 1753295187474
[debug] [2025-07-23T17:40:33.362Z] >>> [apiv2][query] GET https://cloudfunctions.googleapis.com/v1/projects/landingpage-606e9/locations/-/functions [none]
